C51 COMPILER V9.60.0.0   TRACK_FINDING                                                     06/17/2023 16:10:19 PAGE 1   


C51 COMPILER V9.60.0.0, COMPILATION OF MODULE TRACK_FINDING
OBJECT MODULE PLACED IN .\Objects\Track_Finding.obj
COMPILER INVOKED BY: E:\Keil uVision5\Keil-MDK\C51\BIN\C51.EXE Track_Finding.c OPTIMIZE(8,SPEED) BROWSE DEBUG OBJECTEXTE
                    -ND PRINT(.\Listings\Track_Finding.lst) TABS(3) OBJECT(.\Objects\Track_Finding.obj)

line level    source

   1          #include <REGX52.H>
   2          #include "ACTION.H"
   3          
   4          sbit Tc1=P2^3;//d1
   5          sbit Tc2=P2^2;//d2
   6          sbit Tc3=P2^0;//d3
   7          sbit Tc4=P2^1;//d4
   8          
   9          void Delay50ms()     //@11.0592MHz 延时函数
  10          {
  11   1         unsigned char i, j;
  12   1      
  13   1         i = 90;
  14   1         j = 163;
  15   1         do
  16   1         {
  17   2            while (--j);
  18   2         } while (--i);
  19   1      }
  20          
  21          void Track_Finding()
  22          {
  23   1         unsigned char angle;                             //标志位
  24   1         if(Tc1 == 0 && Tc2 == 0 && Tc3 == 0 && Tc4 == 0) //均未检测到黑线
  25   1         {
  26   2            switch(angle)
  27   2            {
  28   3               case 0:action_stright();break;
  29   3               case 1:action_left();break;
  30   3               case 2:action_right();break;
  31   3               case 3:action_stop();break;
  32   3            }  
  33   2         }
  34   1         if(Tc1 == 0 && Tc2 == 0 && Tc3 == 1 && Tc4 == 0) //3检测到黑线，小幅度右倾，小幅度左转
  35   1         {
  36   2            action_stayleft();                            //小幅度左转
  37   2            angle = 0;
  38   2         }
  39   1         if(Tc1 == 0 && Tc2 == 0 && Tc3 == 0 && Tc4 == 1) //4检测到黑线，大幅度右倾，大幅度左转
  40   1         {
  41   2            action_left();                                //大幅度左转
  42   2            angle = 1;
  43   2         }
  44   1         if(Tc1 == 0 && Tc2 == 0 && Tc3 == 1 && Tc4 == 1) //34均检测到黑线，大幅度左转
  45   1         {
  46   2            action_left();                                //大幅度左转
  47   2            angle = 1;
  48   2         }
  49   1         if(Tc1 == 0 && Tc2 == 1 && Tc3 == 0 && Tc4 == 0) //2检测到黑线，小幅度左倾，小幅度右转
  50   1         {
  51   2            action_stayright();                           //小幅度右转
  52   2            angle = 0;
  53   2         }
  54   1         if(Tc1 == 1 && Tc2 == 0 && Tc3 == 0 && Tc4 == 0) //1检测到黑线，大幅度左倾，大幅度右转
C51 COMPILER V9.60.0.0   TRACK_FINDING                                                     06/17/2023 16:10:19 PAGE 2   

  55   1         {
  56   2            action_right();                               //大幅度右转
  57   2            angle = 2;
  58   2         }
  59   1         if(Tc1 == 1 && Tc2 == 1 && Tc3 == 0 && Tc4 == 0) //12均检测到黑线，大幅度右转
  60   1         {
  61   2            action_right();                               //大幅度右转
  62   2            angle = 2;
  63   2         }
  64   1         if(Tc1 == 1 && Tc2 == 1 && Tc3 == 1 && Tc4 == 1) //1234均检测到黑线，停
  65   1         {  
  66   2            action_stop();
  67   2            angle = 3;
  68   2         }
  69   1      }


MODULE INFORMATION:   STATIC OVERLAYABLE
   CODE SIZE        =    181    ----
   CONSTANT SIZE    =   ----    ----
   XDATA SIZE       =   ----    ----
   PDATA SIZE       =   ----    ----
   DATA SIZE        =   ----       1
   IDATA SIZE       =   ----    ----
   BIT SIZE         =   ----    ----
END OF MODULE INFORMATION.


C51 COMPILATION COMPLETE.  0 WARNING(S),  0 ERROR(S)
