C51 COMPILER V9.60.0.0   MAIN                                                              06/10/2023 08:53:08 PAGE 1   


C51 COMPILER V9.60.0.0, COMPILATION OF MODULE MAIN
OBJECT MODULE PLACED IN .\Objects\main.obj
COMPILER INVOKED BY: E:\Keil uVision5\Keil-MDK\C51\BIN\C51.EXE main.c OPTIMIZE(8,SPEED) BROWSE DEBUG OBJECTEXTEND PRINT(
                    -.\Listings\main.lst) TABS(3) OBJECT(.\Objects\main.obj)

line level    source

   1          #include <REGX52.H>
   2          #include "UART.H"
   3          #include "ACTION.H"
   4          #include "TIMER0.H"
   5          #include "TRACK_FINDING.H"
   6          #include "DODGE.H"
   7          
   8          unsigned char Flag=0,PWM_Flag=10,Mod_Flag=1;
   9          
  10          void main()
  11          {
  12   1         Timer0_Init();
  13   1         action_Init();
  14   1         Uart_Init();
  15   1         while(1)
  16   1         {
  17   2            if(Mod_Flag==1)//蓝牙模式
  18   2            {
  19   3               if(Flag==0)
  20   3               {
  21   4                  action_stop();
  22   4               }
  23   3               if(Flag==1)
  24   3               {
  25   4                  action_stright();
  26   4      //          Bluetooth_Dodge();
  27   4               }
  28   3               if(Flag==2)
  29   3               {
  30   4                  action_retreat();    
  31   4               }
  32   3               if(Flag==3)
  33   3               {
  34   4                  action_left();    
  35   4               }
  36   3               if(Flag==4)
  37   3               {
  38   4                  action_right();      
  39   4               }
  40   3            }
  41   2            if(Mod_Flag==2)//寻迹模式
  42   2            {
  43   3               PWM_Flag=20;
  44   3               Track_Finding();
  45   3            }
  46   2            if(Mod_Flag==3)//避障模式
  47   2            {
  48   3               PWM_Flag=20;
  49   3               Dodge();
  50   3            }
  51   2         }
  52   1      }
  53          
  54          /**********************************************************************************
C51 COMPILER V9.60.0.0   MAIN                                                              06/10/2023 08:53:08 PAGE 2   

  55             *  @brief 
  56             *  @param 
  57             *  @retval 
  58          **********************************************************************************/
  59          
  60          void PWM_Routine() interrupt 1 //PWM调速
  61          {
  62   1         static unsigned char Tcount=0;
  63   1         TL0 = 0xA4;          //设置定时初始值
  64   1         TH0 = 0xFF;          //设置定时初始值
  65   1         Tcount++;
  66   1         if(Tcount>=100)
  67   1         {
  68   2            Tcount=0;
  69   2         }
  70   1         if(Tcount<PWM_Flag)
  71   1         {
  72   2            PWM_On();
  73   2         }
  74   1         else
  75   1         {
  76   2            PWM_Off();
  77   2         }
  78   1      
  79   1      }
  80          
  81          /**********************************************************************************
  82             *  @brief 
  83             *  @param 
  84             *  @retval 
  85          **********************************************************************************/
  86          
  87          void Bluetooth_Routine() interrupt 4 //蓝牙控制
  88          {
  89   1         unsigned char count=0;
  90   1         if(RI==1)
  91   1         {
  92   2            count=SBUF-48;
  93   2            Uart_Send(count+48);
  94   2            switch(count)
  95   2            {
  96   3               //运动控制
  97   3               case 0:Flag=0;break;//停止
  98   3               case 1:Flag=1;break;//前进
  99   3               case 2:Flag=2;break;//后退
 100   3               case 3:Flag=3;break;//左转
 101   3               case 4:Flag=4;break;//右转
 102   3               //档位控制
 103   3               case 5:PWM_Flag=20;break;//一档
 104   3               case 6:PWM_Flag=60;break;//二档
 105   3               case 7:PWM_Flag=100;break;//三档
 106   3               //模式控制
 107   3               case 8:Mod_Flag=1;break;//蓝牙模式
 108   3               case 9:Mod_Flag=2;break;//循迹模式
 109   3               case 10:Mod_Flag=3;break;//避障模式
 110   3            }
 111   2            RI=0;
 112   2         }
 113   1      }


MODULE INFORMATION:   STATIC OVERLAYABLE
C51 COMPILER V9.60.0.0   MAIN                                                              06/10/2023 08:53:08 PAGE 3   

   CODE SIZE        =    353    ----
   CONSTANT SIZE    =   ----    ----
   XDATA SIZE       =   ----    ----
   PDATA SIZE       =   ----    ----
   DATA SIZE        =      4       1
   IDATA SIZE       =   ----    ----
   BIT SIZE         =   ----    ----
END OF MODULE INFORMATION.


C51 COMPILATION COMPLETE.  0 WARNING(S),  0 ERROR(S)
