C51 COMPILER V9.60.0.0   TIMER0                                                            06/09/2023 10:17:50 PAGE 1   


C51 COMPILER V9.60.0.0, COMPILATION OF MODULE TIMER0
OBJECT MODULE PLACED IN .\Objects\Timer0.obj
COMPILER INVOKED BY: E:\Keil uVision5\Keil-MDK\C51\BIN\C51.EXE Timer0.c OPTIMIZE(8,SPEED) BROWSE DEBUG OBJECTEXTEND PRIN
                    -T(.\Listings\Timer0.lst) TABS(3) OBJECT(.\Objects\Timer0.obj)

line level    source

   1          #include <REGX52.H>
   2          
   3          
   4          //void Timer0_Init(void)      //10微秒@11.0592MHz
   5          //{
   6          ////  TMOD &= 0xF0;        //设置定时器模式
   7          ////  TMOD |= 0x01;        //设置定时器模式
   8          // TMOD = 0x21;
   9          // TL0 = 0xF7;          //设置定时初始值
  10          // TH0 = 0xFF;          //设置定时初始值
  11          // TF0 = 0;             //清除TF0标志
  12          // TR0 = 1;             //定时器0开始计时
  13          // ET0 = 1;             //定时器0中断允许 
  14          // EA = 1;              //中断允许总开关
  15          //}
  16          
  17          
  18          void Timer0_Init(void)     //100微秒@11.0592MHz
  19          {
  20   1      // TMOD &= 0xF0;        //设置定时器模式
  21   1      // TMOD |= 0x01;        //设置定时器模式
  22   1         TMOD = 0x21;
  23   1         TL0 = 0xA4;          //设置定时初始值
  24   1         TH0 = 0xFF;          //设置定时初始值
  25   1         TF0 = 0;          //清除TF0标志
  26   1         TR0 = 1;          //定时器0开始计时
  27   1         ET0 = 1;          //使能定时器0中断
  28   1         EA = 1;              //中断允许总开关
  29   1      }


MODULE INFORMATION:   STATIC OVERLAYABLE
   CODE SIZE        =     18    ----
   CONSTANT SIZE    =   ----    ----
   XDATA SIZE       =   ----    ----
   PDATA SIZE       =   ----    ----
   DATA SIZE        =   ----    ----
   IDATA SIZE       =   ----    ----
   BIT SIZE         =   ----    ----
END OF MODULE INFORMATION.


C51 COMPILATION COMPLETE.  0 WARNING(S),  0 ERROR(S)
