C51 COMPILER V9.60.0.0   DODGE                                                             06/10/2023 08:48:52 PAGE 1   


C51 COMPILER V9.60.0.0, COMPILATION OF MODULE DODGE
OBJECT MODULE PLACED IN .\Objects\Dodge.obj
COMPILER INVOKED BY: E:\Keil uVision5\Keil-MDK\C51\BIN\C51.EXE Dodge.c OPTIMIZE(8,SPEED) BROWSE DEBUG OBJECTEXTEND PRINT
                    -(.\Listings\Dodge.lst) TABS(3) OBJECT(.\Objects\Dodge.obj)

line level    source

   1          #include <REGX52.H>
   2          #include "ACTION.H"
   3          #include "DELAY.H"
   4          
   5          sbit D1=P0^6;//左
   6          sbit D2=P0^7;//右
   7          
   8          
   9          void Dodge()
  10          {
  11   1         if(D1==1&&D2==1)//前方无障碍物
  12   1         {
  13   2            action_stright();
  14   2         }
  15   1         if(D1==0&&D2==0)//两端均检测到障碍物
  16   1         {
  17   2            Delay(50);
  18   2            action_stop();
  19   2            Delay(50);
  20   2            action_retreat();
  21   2            if(D1==1&&D2==0)
  22   2            {
  23   3               Delay(50);
  24   3               action_stop();
  25   3               Delay(50);
  26   3               action_left();
  27   3            }
  28   2            if(D1==0&&D2==1)
  29   2            {
  30   3               Delay(50);
  31   3               action_stop();
  32   3               Delay(50);
  33   3               action_right();
  34   3            }
  35   2         }
  36   1         if(D1==1&&D2==0)
  37   1         {
  38   2            Delay(50);
  39   2            action_stop();
  40   2            Delay(50);
  41   2            action_left();
  42   2         }
  43   1         if(D1==0&&D2==1)
  44   1         {
  45   2            Delay(50);
  46   2            action_stop();
  47   2            Delay(50);
  48   2            action_right();
  49   2         }
  50   1      }
  51          
  52          //void Bluetooth_Dodge()
  53          //{
  54          // if(D1==0&&D2==0)
C51 COMPILER V9.60.0.0   DODGE                                                             06/10/2023 08:48:52 PAGE 2   

  55          // {
  56          //    Delay500ms();
  57          //    action_stop();
  58          // }
  59          // 
  60          //}
  61          
  62          
  63          
  64          
  65          


MODULE INFORMATION:   STATIC OVERLAYABLE
   CODE SIZE        =    140    ----
   CONSTANT SIZE    =   ----    ----
   XDATA SIZE       =   ----    ----
   PDATA SIZE       =   ----    ----
   DATA SIZE        =   ----    ----
   IDATA SIZE       =   ----    ----
   BIT SIZE         =   ----    ----
END OF MODULE INFORMATION.


C51 COMPILATION COMPLETE.  0 WARNING(S),  0 ERROR(S)
