C51 COMPILER V9.60.0.0   UART                                                              06/09/2023 10:17:50 PAGE 1   


C51 COMPILER V9.60.0.0, COMPILATION OF MODULE UART
OBJECT MODULE PLACED IN .\Objects\Uart.obj
COMPILER INVOKED BY: E:\Keil uVision5\Keil-MDK\C51\BIN\C51.EXE Uart.c OPTIMIZE(8,SPEED) BROWSE DEBUG OBJECTEXTEND PRINT(
                    -.\Listings\Uart.lst) TABS(3) OBJECT(.\Objects\Uart.obj)

line level    source

   1          #include <REGX52.H>
   2          
   3          
   4          void Uart_Init()  //9600bps@11.0592MHz
   5          {
   6   1         PCON |= 0x80;     
   7   1         SCON = 0x50;      
   8   1      // TMOD &= 0x0F;     
   9   1      // TMOD |= 0x20;  
  10   1         TMOD = 0x21;
  11   1         TL1 = 0xFA;       
  12   1         TH1 = 0xFA;       
  13   1         ET1 = 0;          
  14   1         TR1 = 1;          
  15   1         ES = 1;
  16   1         EA =1;            
  17   1      
  18   1      }
  19          
  20          
  21          void Uart_Send(unsigned char Byte)
  22          {
  23   1         SBUF = Byte;
  24   1         while(TI==0);
  25   1         TI=0;
  26   1      }
  27          


MODULE INFORMATION:   STATIC OVERLAYABLE
   CODE SIZE        =     32    ----
   CONSTANT SIZE    =   ----    ----
   XDATA SIZE       =   ----    ----
   PDATA SIZE       =   ----    ----
   DATA SIZE        =   ----    ----
   IDATA SIZE       =   ----    ----
   BIT SIZE         =   ----    ----
END OF MODULE INFORMATION.


C51 COMPILATION COMPLETE.  0 WARNING(S),  0 ERROR(S)
